{"level":"INFO","time":"2025-07-30T10:51:00.848+0800","caller":"user/user.go:38","msg":"短信平台调用成功，发送短信"}
{"level":"INFO","time":"2025-08-03T16:23:31.687+0800","caller":"login_service_v1/login_service.go:38","msg":"短信平台调用成功，发送短信"}
{"level":"INFO","time":"2025-08-03T16:23:41.256+0800","caller":"login_service_v1/login_service.go:38","msg":"短信平台调用成功，发送短信"}
{"level":"INFO","time":"2025-08-03T16:25:19.782+0800","caller":"login_service_v1/login_service.go:38","msg":"短信平台调用成功，发送短信"}
{"level":"INFO","time":"2025-08-03T16:31:37.888+0800","caller":"login_service_v1/login_service.go:38","msg":"短信平台调用成功，发送短信"}
{"level":"ERROR","time":"2025-08-04T19:02:09.661+0800","caller":"discovery/resolver.go:101","msg":"sync failed","error":"context deadline exceeded"}
{"level":"ERROR","time":"2025-08-04T19:03:09.660+0800","caller":"discovery/resolver.go:101","msg":"sync failed","error":"context deadline exceeded"}
{"level":"ERROR","time":"2025-08-04T19:04:09.661+0800","caller":"discovery/resolver.go:101","msg":"sync failed","error":"context deadline exceeded"}
{"level":"ERROR","time":"2025-08-04T19:05:09.660+0800","caller":"discovery/resolver.go:101","msg":"sync failed","error":"context deadline exceeded"}
{"level":"ERROR","time":"2025-08-04T19:06:09.661+0800","caller":"discovery/resolver.go:101","msg":"sync failed","error":"context deadline exceeded"}
{"level":"ERROR","time":"2025-08-04T19:07:09.661+0800","caller":"discovery/resolver.go:101","msg":"sync failed","error":"context deadline exceeded"}
{"level":"ERROR","time":"2025-08-04T19:08:09.661+0800","caller":"discovery/resolver.go:101","msg":"sync failed","error":"context deadline exceeded"}
{"level":"ERROR","time":"2025-08-04T19:09:09.660+0800","caller":"discovery/resolver.go:101","msg":"sync failed","error":"context deadline exceeded"}
{"level":"ERROR","time":"2025-08-06T16:00:18.890+0800","caller":"discovery/discovery.go:117","msg":"register failed","error":"context deadline exceeded"}
{"level":"ERROR","time":"2025-08-06T16:00:21.894+0800","caller":"discovery/discovery.go:117","msg":"register failed","error":"context deadline exceeded"}
{"level":"ERROR","time":"2025-08-06T16:04:56.530+0800","caller":"login_service_v1/login_service.go:59","msg":"Register从redis获取验证码失败","error":"redis: nil"}
{"level":"INFO","time":"2025-08-06T16:16:14.532+0800","caller":"login_service_v1/login_service.go:41","msg":"短信平台调用成功，发送短信"}
{"level":"INFO","time":"2025-08-06T16:16:40.334+0800","caller":"login_service_v1/login_service.go:41","msg":"短信平台调用成功，发送短信"}
{"level":"INFO","time":"2025-08-06T16:20:19.506+0800","caller":"login_service_v1/login_service.go:41","msg":"短信平台调用成功，发送短信"}
{"level":"ERROR","time":"2025-08-06T17:17:55.808+0800","caller":"login_service_v1/login_service.go:59","msg":"Register从redis获取验证码失败","error":"redis: nil"}
{"level":"INFO","time":"2025-08-06T17:18:06.324+0800","caller":"login_service_v1/login_service.go:41","msg":"短信平台调用成功，发送短信"}
{"level":"ERROR","time":"2025-08-06T17:36:17.992+0800","caller":"login_service_v1/login_service.go:59","msg":"Register从redis获取验证码失败","error":"redis: nil"}
{"level":"ERROR","time":"2025-08-06T17:36:20.170+0800","caller":"login_service_v1/login_service.go:59","msg":"Register从redis获取验证码失败","error":"redis: nil"}
{"level":"ERROR","time":"2025-08-06T17:36:27.443+0800","caller":"login_service_v1/login_service.go:59","msg":"Register从redis获取验证码失败","error":"redis: nil"}
{"level":"INFO","time":"2025-08-06T17:40:05.719+0800","caller":"login_service_v1/login_service.go:41","msg":"短信平台调用成功，发送短信"}
{"level":"INFO","time":"2025-08-06T17:40:26.552+0800","caller":"login_service_v1/login_service.go:41","msg":"短信平台调用成功，发送短信"}
{"level":"INFO","time":"2025-08-07T09:52:37.553+0800","caller":"login_service_v1/login_service.go:46","msg":"短信平台调用成功，发送短信"}
{"level":"INFO","time":"2025-08-07T09:57:39.408+0800","caller":"login_service_v1/login_service.go:46","msg":"短信平台调用成功，发送短信"}
{"level":"INFO","time":"2025-08-07T17:28:06.364+0800","caller":"login_service_v1/login_service.go:51","msg":"短信平台调用成功，发送短信"}
{"level":"INFO","time":"2025-08-07T17:51:54.688+0800","caller":"login_service_v1/login_service.go:51","msg":"短信平台调用成功，发送短信"}
{"level":"ERROR","time":"2025-08-07T17:58:58.938+0800","caller":"login_service_v1/login_service.go:134","msg":"register SaveOrganization db err","error":"Error 1406 (22001): Data too long for column 'avatar' at row 1"}
{"level":"INFO","time":"2025-08-07T17:58:59.283+0800","caller":"login_service_v1/login_service.go:51","msg":"短信平台调用成功，发送短信"}
{"level":"INFO","time":"2025-08-07T17:59:42.264+0800","caller":"login_service_v1/login_service.go:51","msg":"短信平台调用成功，发送短信"}
{"level":"INFO","time":"2025-08-07T18:07:02.608+0800","caller":"login_service_v1/login_service.go:51","msg":"短信平台调用成功，发送短信"}
{"level":"INFO","time":"2025-08-08T11:04:01.903+0800","caller":"login_service_v1/login_service.go:52","msg":"短信平台调用成功，发送短信"}
{"level":"ERROR","time":"2025-08-08T11:04:06.717+0800","caller":"login_service_v1/login_service.go:149","msg":"Login向db查询用户信息失败","error":"Error 1064 (42000): You have an error in your SQL syntax; check the manual that corresponds to your MySQL server version for the right syntax to use near '?and password=? ORDER BY `ms_member`.`id` LIMIT ?' at line 1"}
{"level":"INFO","time":"2025-08-08T15:32:36.133+0800","caller":"login_service_v1/login_service.go:55","msg":"短信平台调用成功，发送短信"}
{"level":"ERROR","time":"2025-08-09T16:19:48.296+0800","caller":"login_service_v1/login_service.go:194","msg":"TokenVerify解析token失败","error":"token contains an invalid number of segments"}
{"level":"ERROR","time":"2025-08-09T16:29:17.061+0800","caller":"login_service_v1/login_service.go:194","msg":"TokenVerify解析token失败","error":"tokenstring should not contain 'bearer '"}
{"level":"ERROR","time":"2025-08-10T10:01:06.820+0800","caller":"discovery/discovery.go:117","msg":"register failed","error":"context deadline exceeded"}
{"level":"ERROR","time":"2025-08-10T10:01:07.128+0800","caller":"discovery/discovery.go:117","msg":"register failed","error":"context deadline exceeded"}
{"level":"ERROR","time":"2025-08-10T10:01:09.839+0800","caller":"discovery/discovery.go:117","msg":"register failed","error":"context deadline exceeded"}
{"level":"ERROR","time":"2025-08-10T10:01:10.130+0800","caller":"discovery/discovery.go:117","msg":"register failed","error":"context deadline exceeded"}
{"level":"ERROR","time":"2025-08-10T10:01:12.840+0800","caller":"discovery/discovery.go:117","msg":"register failed","error":"context deadline exceeded"}
{"level":"ERROR","time":"2025-08-10T10:01:13.130+0800","caller":"discovery/discovery.go:117","msg":"register failed","error":"context deadline exceeded"}
{"level":"ERROR","time":"2025-08-10T10:01:15.841+0800","caller":"discovery/discovery.go:117","msg":"register failed","error":"context deadline exceeded"}
{"level":"ERROR","time":"2025-08-10T10:01:16.131+0800","caller":"discovery/discovery.go:117","msg":"register failed","error":"context deadline exceeded"}
{"level":"ERROR","time":"2025-08-10T10:01:18.842+0800","caller":"discovery/discovery.go:117","msg":"register failed","error":"context deadline exceeded"}
{"level":"ERROR","time":"2025-08-10T10:01:19.132+0800","caller":"discovery/discovery.go:117","msg":"register failed","error":"context deadline exceeded"}
{"level":"ERROR","time":"2025-08-10T10:01:21.842+0800","caller":"discovery/discovery.go:117","msg":"register failed","error":"context deadline exceeded"}
{"level":"ERROR","time":"2025-08-10T10:01:22.133+0800","caller":"discovery/discovery.go:117","msg":"register failed","error":"context deadline exceeded"}
{"level":"ERROR","time":"2025-08-10T10:01:24.843+0800","caller":"discovery/discovery.go:117","msg":"register failed","error":"context deadline exceeded"}
{"level":"ERROR","time":"2025-08-10T10:01:25.133+0800","caller":"discovery/discovery.go:117","msg":"register failed","error":"context deadline exceeded"}
{"level":"ERROR","time":"2025-08-10T10:01:27.843+0800","caller":"discovery/discovery.go:117","msg":"register failed","error":"context deadline exceeded"}
{"level":"ERROR","time":"2025-08-10T10:01:28.133+0800","caller":"discovery/discovery.go:117","msg":"register failed","error":"context deadline exceeded"}
{"level":"ERROR","time":"2025-08-10T10:01:30.843+0800","caller":"discovery/discovery.go:117","msg":"register failed","error":"context deadline exceeded"}
{"level":"ERROR","time":"2025-08-10T10:01:31.134+0800","caller":"discovery/discovery.go:117","msg":"register failed","error":"context deadline exceeded"}
{"level":"ERROR","time":"2025-08-10T10:01:33.844+0800","caller":"discovery/discovery.go:117","msg":"register failed","error":"context deadline exceeded"}
{"level":"ERROR","time":"2025-08-10T10:01:34.134+0800","caller":"discovery/discovery.go:117","msg":"register failed","error":"context deadline exceeded"}
{"level":"ERROR","time":"2025-08-10T10:01:36.845+0800","caller":"discovery/discovery.go:117","msg":"register failed","error":"context deadline exceeded"}
{"level":"ERROR","time":"2025-08-10T10:01:37.135+0800","caller":"discovery/discovery.go:117","msg":"register failed","error":"context deadline exceeded"}
{"level":"ERROR","time":"2025-08-10T10:01:39.845+0800","caller":"discovery/discovery.go:117","msg":"register failed","error":"context deadline exceeded"}
{"level":"ERROR","time":"2025-08-10T10:01:40.136+0800","caller":"discovery/discovery.go:117","msg":"register failed","error":"context deadline exceeded"}
{"level":"ERROR","time":"2025-08-10T10:01:42.846+0800","caller":"discovery/discovery.go:117","msg":"register failed","error":"context deadline exceeded"}
{"level":"ERROR","time":"2025-08-10T10:01:43.136+0800","caller":"discovery/discovery.go:117","msg":"register failed","error":"context deadline exceeded"}
{"level":"ERROR","time":"2025-08-10T10:01:45.846+0800","caller":"discovery/discovery.go:117","msg":"register failed","error":"context deadline exceeded"}
{"level":"ERROR","time":"2025-08-10T10:01:46.137+0800","caller":"discovery/discovery.go:117","msg":"register failed","error":"context deadline exceeded"}
{"level":"ERROR","time":"2025-08-10T10:01:48.847+0800","caller":"discovery/discovery.go:117","msg":"register failed","error":"context deadline exceeded"}
{"level":"ERROR","time":"2025-08-10T10:01:49.138+0800","caller":"discovery/discovery.go:117","msg":"register failed","error":"context deadline exceeded"}
{"level":"ERROR","time":"2025-08-10T10:01:51.847+0800","caller":"discovery/discovery.go:117","msg":"register failed","error":"context deadline exceeded"}
{"level":"ERROR","time":"2025-08-10T10:01:52.139+0800","caller":"discovery/discovery.go:117","msg":"register failed","error":"context deadline exceeded"}
{"level":"ERROR","time":"2025-08-10T10:01:54.850+0800","caller":"discovery/discovery.go:117","msg":"register failed","error":"context deadline exceeded"}
{"level":"ERROR","time":"2025-08-10T10:01:55.139+0800","caller":"discovery/discovery.go:117","msg":"register failed","error":"context deadline exceeded"}
{"level":"ERROR","time":"2025-08-10T10:01:57.850+0800","caller":"discovery/discovery.go:117","msg":"register failed","error":"context deadline exceeded"}
{"level":"ERROR","time":"2025-08-10T10:01:58.139+0800","caller":"discovery/discovery.go:117","msg":"register failed","error":"context deadline exceeded"}
{"level":"ERROR","time":"2025-08-10T10:02:00.851+0800","caller":"discovery/discovery.go:117","msg":"register failed","error":"context deadline exceeded"}
{"level":"ERROR","time":"2025-08-10T10:02:01.140+0800","caller":"discovery/discovery.go:117","msg":"register failed","error":"context deadline exceeded"}
{"level":"ERROR","time":"2025-08-10T10:02:03.851+0800","caller":"discovery/discovery.go:117","msg":"register failed","error":"context deadline exceeded"}
{"level":"ERROR","time":"2025-08-10T10:02:04.038+0800","caller":"discovery/resolver.go:101","msg":"sync failed","error":"context deadline exceeded"}
{"level":"ERROR","time":"2025-08-10T10:02:04.044+0800","caller":"discovery/resolver.go:101","msg":"sync failed","error":"context deadline exceeded"}
{"level":"ERROR","time":"2025-08-10T10:02:04.140+0800","caller":"discovery/discovery.go:117","msg":"register failed","error":"context deadline exceeded"}
{"level":"ERROR","time":"2025-08-10T10:02:06.852+0800","caller":"discovery/discovery.go:117","msg":"register failed","error":"context deadline exceeded"}
{"level":"ERROR","time":"2025-08-10T10:02:07.141+0800","caller":"discovery/discovery.go:117","msg":"register failed","error":"context deadline exceeded"}
{"level":"ERROR","time":"2025-08-10T10:02:09.853+0800","caller":"discovery/discovery.go:117","msg":"register failed","error":"context deadline exceeded"}
{"level":"ERROR","time":"2025-08-10T10:02:10.143+0800","caller":"discovery/discovery.go:117","msg":"register failed","error":"context deadline exceeded"}
{"level":"ERROR","time":"2025-08-10T10:02:12.853+0800","caller":"discovery/discovery.go:117","msg":"register failed","error":"context deadline exceeded"}
{"level":"ERROR","time":"2025-08-10T10:02:13.143+0800","caller":"discovery/discovery.go:117","msg":"register failed","error":"context deadline exceeded"}
{"level":"ERROR","time":"2025-08-10T10:02:15.854+0800","caller":"discovery/discovery.go:117","msg":"register failed","error":"context deadline exceeded"}
{"level":"ERROR","time":"2025-08-10T10:02:16.144+0800","caller":"discovery/discovery.go:117","msg":"register failed","error":"context deadline exceeded"}
{"level":"ERROR","time":"2025-08-10T10:02:18.854+0800","caller":"discovery/discovery.go:117","msg":"register failed","error":"context deadline exceeded"}
{"level":"ERROR","time":"2025-08-10T10:02:19.144+0800","caller":"discovery/discovery.go:117","msg":"register failed","error":"context deadline exceeded"}
{"level":"ERROR","time":"2025-08-10T10:02:21.854+0800","caller":"discovery/discovery.go:117","msg":"register failed","error":"context deadline exceeded"}
{"level":"ERROR","time":"2025-08-10T10:02:22.145+0800","caller":"discovery/discovery.go:117","msg":"register failed","error":"context deadline exceeded"}
{"level":"ERROR","time":"2025-08-10T10:02:24.855+0800","caller":"discovery/discovery.go:117","msg":"register failed","error":"context deadline exceeded"}
{"level":"ERROR","time":"2025-08-10T10:02:25.145+0800","caller":"discovery/discovery.go:117","msg":"register failed","error":"context deadline exceeded"}
{"level":"ERROR","time":"2025-08-10T10:02:27.855+0800","caller":"discovery/discovery.go:117","msg":"register failed","error":"context deadline exceeded"}
{"level":"ERROR","time":"2025-08-10T10:02:28.146+0800","caller":"discovery/discovery.go:117","msg":"register failed","error":"context deadline exceeded"}
{"level":"ERROR","time":"2025-08-10T10:02:30.857+0800","caller":"discovery/discovery.go:117","msg":"register failed","error":"context deadline exceeded"}
{"level":"ERROR","time":"2025-08-10T10:02:31.147+0800","caller":"discovery/discovery.go:117","msg":"register failed","error":"context deadline exceeded"}
{"level":"ERROR","time":"2025-08-10T10:02:33.858+0800","caller":"discovery/discovery.go:117","msg":"register failed","error":"context deadline exceeded"}
{"level":"ERROR","time":"2025-08-10T10:02:34.148+0800","caller":"discovery/discovery.go:117","msg":"register failed","error":"context deadline exceeded"}
{"level":"ERROR","time":"2025-08-10T10:02:36.860+0800","caller":"discovery/discovery.go:117","msg":"register failed","error":"context deadline exceeded"}
{"level":"ERROR","time":"2025-08-10T10:02:37.149+0800","caller":"discovery/discovery.go:117","msg":"register failed","error":"context deadline exceeded"}
{"level":"ERROR","time":"2025-08-11T15:06:39.484+0800","caller":"login_service_v1/login_service.go:211","msg":"TokenVerify向db查询用户信息失败","error":"record not found"}
{"level":"ERROR","time":"2025-08-11T15:06:44.437+0800","caller":"login_service_v1/login_service.go:211","msg":"TokenVerify向db查询用户信息失败","error":"record not found"}
{"level":"ERROR","time":"2025-08-11T15:06:51.995+0800","caller":"login_service_v1/login_service.go:211","msg":"TokenVerify向db查询用户信息失败","error":"record not found"}
{"level":"ERROR","time":"2025-08-11T15:06:52.003+0800","caller":"login_service_v1/login_service.go:211","msg":"TokenVerify向db查询用户信息失败","error":"record not found"}
{"level":"ERROR","time":"2025-08-11T15:26:15.135+0800","caller":"login_service_v1/login_service.go:211","msg":"TokenVerify向db查询用户信息失败","error":"record not found"}
{"level":"ERROR","time":"2025-08-11T15:26:15.142+0800","caller":"login_service_v1/login_service.go:211","msg":"TokenVerify向db查询用户信息失败","error":"record not found"}
{"level":"ERROR","time":"2025-08-11T15:28:46.295+0800","caller":"project_service_v1/project_service.go:68","msg":"FindProjectByMemId db error","error":"Error 1054 (42S22): Unknown column 'archive' in 'where clause'"}
{"level":"ERROR","time":"2025-08-11T15:28:47.016+0800","caller":"project_service_v1/project_service.go:68","msg":"FindProjectByMemId db error","error":"Error 1054 (42S22): Unknown column 'deleted' in 'where clause'"}
{"level":"ERROR","time":"2025-08-11T15:28:47.880+0800","caller":"project_service_v1/project_service.go:68","msg":"FindProjectByMemId db error","error":"Error 1054 (42S22): Unknown column 'archive' in 'where clause'"}
{"level":"ERROR","time":"2025-08-11T15:29:06.893+0800","caller":"project_service_v1/project_service.go:68","msg":"FindProjectByMemId db error","error":"Error 1054 (42S22): Unknown column 'archive' in 'where clause'"}
{"level":"ERROR","time":"2025-08-11T15:31:41.223+0800","caller":"project_service_v1/project_service.go:68","msg":"FindProjectByMemId db error","error":"Error 1054 (42S22): Unknown column 'archive' in 'where clause'"}
{"level":"ERROR","time":"2025-08-11T15:31:45.282+0800","caller":"project_service_v1/project_service.go:68","msg":"FindProjectByMemId db error","error":"Error 1054 (42S22): Unknown column 'deleted' in 'where clause'"}
{"level":"ERROR","time":"2025-08-11T15:37:01.768+0800","caller":"project_service_v1/project_service.go:68","msg":"FindProjectByMemId db error","error":"Error 1054 (42S22): Unknown column 'archive' in 'where clause'"}
{"level":"ERROR","time":"2025-08-11T15:37:02.689+0800","caller":"project_service_v1/project_service.go:68","msg":"FindProjectByMemId db error","error":"Error 1054 (42S22): Unknown column 'deleted' in 'where clause'"}
{"level":"ERROR","time":"2025-08-12T10:18:51.019+0800","caller":"project_service_v1/project_service.go:115","msg":"FindProjectTemplate error","error":"unsupported data type: 0xc000424418: Table not set, please set it like: db.Model(&user) or db.Table(\"users\")"}
{"level":"ERROR","time":"2025-08-12T10:19:11.106+0800","caller":"project_service_v1/project_service.go:115","msg":"FindProjectTemplate error","error":"unsupported data type: 0xc000680538: Table not set, please set it like: db.Model(&user) or db.Table(\"users\")"}
{"level":"ERROR","time":"2025-08-12T10:20:01.161+0800","caller":"project_service_v1/project_service.go:115","msg":"FindProjectTemplate error","error":"unsupported data type: 0xc0005aeea8: Table not set, please set it like: db.Model(&user) or db.Table(\"users\")"}
{"level":"ERROR","time":"2025-08-12T10:24:14.963+0800","caller":"project_service_v1/project_service.go:115","msg":"FindProjectTemplate error","error":"unsupported data type: 0xc00044ffe8: Table not set, please set it like: db.Model(&user) or db.Table(\"users\")"}
{"level":"ERROR","time":"2025-08-12T17:44:56.881+0800","caller":"project_service_v1/project_service.go:203","msg":"FindProjectDetail db FindProjectByPIdAndMemId error","error":"Error 1064 (42000): You have an error in your SQL syntax; check the manual that corresponds to your MySQL server version for the right syntax to use near '%!(EXTRA int64=1007, int64=37)' at line 1"}
{"level":"ERROR","time":"2025-08-12T17:47:09.813+0800","caller":"project_service_v1/project_service.go:203","msg":"FindProjectDetail db FindProjectByPIdAndMemId error","error":"context canceled"}
{"level":"ERROR","time":"2025-08-12T17:47:09.815+0800","caller":"discovery/discovery.go:117","msg":"register failed","error":"context deadline exceeded"}
{"level":"ERROR","time":"2025-08-12T17:56:25.186+0800","caller":"project_service_v1/project_service.go:203","msg":"FindProjectDetail db FindProjectByPIdAndMemId error","error":"context canceled"}
{"level":"ERROR","time":"2025-08-12T17:56:25.191+0800","caller":"discovery/discovery.go:117","msg":"register failed","error":"context deadline exceeded"}
{"level":"ERROR","time":"2025-08-12T17:59:56.342+0800","caller":"discovery/discovery.go:117","msg":"register failed","error":"context deadline exceeded"}
{"level":"ERROR","time":"2025-08-12T18:19:51.593+0800","caller":"project_service_v1/project_service.go:203","msg":"FindProjectDetail db FindProjectByPIdAndMemId error","error":"context canceled"}
{"level":"ERROR","time":"2025-08-12T18:24:26.480+0800","caller":"discovery/discovery.go:117","msg":"register failed","error":"context deadline exceeded"}
{"level":"ERROR","time":"2025-08-12T18:25:08.659+0800","caller":"project_service_v1/project_service.go:205","msg":"FindProjectDetail db FindProjectByPIdAndMemId error","error":"Error 1064 (42000): You have an error in your SQL syntax; check the manual that corresponds to your MySQL server version for the right syntax to use near '%!(EXTRA int64=1007, int64=113)' at line 1"}
{"level":"ERROR","time":"2025-08-12T18:25:15.890+0800","caller":"project_service_v1/project_service.go:205","msg":"FindProjectDetail db FindProjectByPIdAndMemId error","error":"Error 1064 (42000): You have an error in your SQL syntax; check the manual that corresponds to your MySQL server version for the right syntax to use near '%!(EXTRA int64=1007, int64=113)' at line 1"}
{"level":"ERROR","time":"2025-08-12T18:27:41.238+0800","caller":"discovery/discovery.go:117","msg":"register failed","error":"context deadline exceeded"}
{"level":"ERROR","time":"2025-08-12T18:34:23.944+0800","caller":"project_service_v1/project_service.go:205","msg":"FindProjectDetail db FindProjectByPIdAndMemId error","error":"context deadline exceeded"}
{"level":"ERROR","time":"2025-08-12T18:36:01.752+0800","caller":"discovery/discovery.go:117","msg":"register failed","error":"context deadline exceeded"}
{"level":"ERROR","time":"2025-08-12T18:36:01.757+0800","caller":"project_service_v1/project_service.go:159","msg":"SaveProject db SaveProject error","error":"context canceled"}
{"level":"ERROR","time":"2025-08-12T18:36:27.728+0800","caller":"project_service_v1/project_service.go:178","msg":"SaveProject transaction error","error":"rpc error: code = Code(998) desc = 数据库操作失败"}
{"level":"ERROR","time":"2025-08-12T18:37:42.879+0800","caller":"discovery/discovery.go:117","msg":"register failed","error":"context deadline exceeded"}
{"level":"ERROR","time":"2025-08-12T18:40:12.912+0800","caller":"discovery/discovery.go:117","msg":"register failed","error":"context deadline exceeded"}
{"level":"ERROR","time":"2025-08-12T18:40:17.225+0800","caller":"discovery/discovery.go:117","msg":"register failed","error":"context deadline exceeded"}
{"level":"ERROR","time":"2025-08-12T18:40:17.225+0800","caller":"project_service_v1/project_service.go:159","msg":"SaveProject db SaveProject error","error":"context canceled"}
{"level":"ERROR","time":"2025-08-12T18:40:30.805+0800","caller":"discovery/discovery.go:117","msg":"register failed","error":"context deadline exceeded"}
{"level":"ERROR","time":"2025-08-12T18:40:37.410+0800","caller":"discovery/discovery.go:117","msg":"register failed","error":"context deadline exceeded"}
{"level":"ERROR","time":"2025-08-12T18:40:37.409+0800","caller":"project_service_v1/project_service.go:178","msg":"SaveProject transaction error","error":"rpc error: code = Code(998) desc = 数据库操作失败"}
{"level":"ERROR","time":"2025-08-12T19:31:46.388+0800","caller":"discovery/discovery.go:117","msg":"register failed","error":"context deadline exceeded"}
{"level":"ERROR","time":"2025-08-12T19:31:46.395+0800","caller":"project_service_v1/project_service.go:207","msg":"FindProjectDetail db FindProjectByPIdAndMemId error","error":"Error 1064 (42000): You have an error in your SQL syntax; check the manual that corresponds to your MySQL server version for the right syntax to use near '%!(EXTRA int64=1007, int64=116)' at line 1"}
{"level":"ERROR","time":"2025-08-12T19:56:12.833+0800","caller":"project_service_v1/project_service.go:207","msg":"FindProjectDetail db FindProjectByPIdAndMemId error","error":"Error 1064 (42000): You have an error in your SQL syntax; check the manual that corresponds to your MySQL server version for the right syntax to use near '%!(EXTRA int64=1007, int64=37)' at line 1"}
{"level":"ERROR","time":"2025-08-12T19:56:12.839+0800","caller":"project_service_v1/project_service.go:207","msg":"FindProjectDetail db FindProjectByPIdAndMemId error","error":"Error 1064 (42000): You have an error in your SQL syntax; check the manual that corresponds to your MySQL server version for the right syntax to use near '%!(EXTRA int64=1007, int64=37)' at line 1"}
{"level":"ERROR","time":"2025-08-12T19:56:16.484+0800","caller":"project_service_v1/project_service.go:207","msg":"FindProjectDetail db FindProjectByPIdAndMemId error","error":"Error 1064 (42000): You have an error in your SQL syntax; check the manual that corresponds to your MySQL server version for the right syntax to use near '%!(EXTRA int64=1007, int64=37)' at line 1"}
{"level":"ERROR","time":"2025-08-12T19:56:25.018+0800","caller":"project_service_v1/project_service.go:207","msg":"FindProjectDetail db FindProjectByPIdAndMemId error","error":"Error 1064 (42000): You have an error in your SQL syntax; check the manual that corresponds to your MySQL server version for the right syntax to use near '%!(EXTRA int64=1007, int64=37)' at line 1"}
{"level":"ERROR","time":"2025-08-12T20:51:48.537+0800","caller":"project_service_v1/project_service.go:207","msg":"FindProjectDetail db FindProjectByPIdAndMemId error","error":"Error 1064 (42000): You have an error in your SQL syntax; check the manual that corresponds to your MySQL server version for the right syntax to use near '%!(EXTRA int64=1007, int64=37)' at line 1"}
{"level":"ERROR","time":"2025-08-12T21:14:13.927+0800","caller":"project_service_v1/project_service.go:208","msg":"FindProjectDetail db FindProjectByPIdAndMemId error","error":"Error 1064 (42000): You have an error in your SQL syntax; check the manual that corresponds to your MySQL server version for the right syntax to use near '%!(EXTRA int64=1007, int64=37)' at line 1"}
{"level":"ERROR","time":"2025-08-12T21:17:11.000+0800","caller":"project_service_v1/project_service.go:208","msg":"FindProjectDetail db FindProjectByPIdAndMemId error","error":"Error 1064 (42000): You have an error in your SQL syntax; check the manual that corresponds to your MySQL server version for the right syntax to use near '%!(EXTRA int64=1007, int64=37)' at line 1"}
{"level":"ERROR","time":"2025-08-12T21:50:14.071+0800","caller":"project_service_v1/project_service.go:213","msg":"FindProjectDetail db FindProjectByPIdAndMemId error","error":"Error 1064 (42000): You have an error in your SQL syntax; check the manual that corresponds to your MySQL server version for the right syntax to use near '%!(EXTRA int64=1007, int64=13043)' at line 1"}
{"level":"ERROR","time":"2025-08-12T21:59:44.463+0800","caller":"project_service_v1/project_service.go:213","msg":"FindProjectDetail db FindProjectByPIdAndMemId error","error":"context deadline exceeded"}
{"level":"ERROR","time":"2025-08-12T21:59:44.464+0800","caller":"discovery/discovery.go:117","msg":"register failed","error":"context deadline exceeded"}
{"level":"ERROR","time":"2025-08-12T22:00:49.144+0800","caller":"discovery/discovery.go:117","msg":"register failed","error":"context deadline exceeded"}
{"level":"ERROR","time":"2025-08-12T22:02:15.435+0800","caller":"project_service_v1/project_service.go:219","msg":"FindProjectDetail rpc FindMemInfoById error","error":"rpc error: code = DeadlineExceeded desc = context deadline exceeded"}
{"level":"ERROR","time":"2025-08-12T22:14:40.503+0800","caller":"project_service_v1/project_service.go:227","msg":"FindProjectDetail db FindCollectByPidAndMemId error","error":"context deadline exceeded"}
{"level":"ERROR","time":"2025-08-12T22:15:23.326+0800","caller":"project_service_v1/project_service.go:221","msg":"FindProjectDetail rpc FindMemInfoById error","error":"rpc error: code = DeadlineExceeded desc = context deadline exceeded"}
{"level":"ERROR","time":"2025-08-12T22:17:00.584+0800","caller":"project_service_v1/project_service.go:227","msg":"FindProjectDetail db FindCollectByPidAndMemId error","error":"context deadline exceeded"}
{"level":"ERROR","time":"2025-08-14T11:29:43.637+0800","caller":"login_service_v1/login_service.go:221","msg":"TokenVerify从缓存获取用户信息失败","error":"redis: nil"}
{"level":"INFO","time":"2025-08-14T16:26:54.741+0800","caller":"interceptor/cache.go:50","msg":"/login.LoginService/MyOrgList存入缓存"}
{"level":"INFO","time":"2025-08-14T16:27:02.889+0800","caller":"interceptor/cache.go:44","msg":"/login.LoginService/MyOrgList使用缓存"}
{"level":"INFO","time":"2025-08-14T16:35:05.054+0800","caller":"interceptor/cache.go:51","msg":"/login.LoginService/FindMemInfoById存入缓存"}
{"level":"INFO","time":"2025-08-14T16:35:08.605+0800","caller":"interceptor/cache.go:45","msg":"/login.LoginService/FindMemInfoById使用缓存"}
{"level":"INFO","time":"2025-08-14T16:44:01.955+0800","caller":"interceptor/cache.go:51","msg":"/login.LoginService/MyOrgList存入缓存"}
{"level":"INFO","time":"2025-08-14T16:44:02.013+0800","caller":"interceptor/cache.go:50","msg":"/project.service.v1.ProjectService/FindProjectByMemId 存入缓存"}
{"level":"INFO","time":"2025-08-14T16:44:12.144+0800","caller":"interceptor/cache.go:44","msg":"/project.service.v1.ProjectService/FindProjectByMemId 使用缓存"}
{"level":"INFO","time":"2025-08-14T16:44:12.144+0800","caller":"interceptor/cache.go:45","msg":"/login.LoginService/MyOrgList使用缓存"}
{"level":"INFO","time":"2025-08-14T16:45:46.906+0800","caller":"interceptor/cache.go:45","msg":"/login.LoginService/MyOrgList使用缓存"}
{"level":"INFO","time":"2025-08-14T16:45:46.946+0800","caller":"interceptor/cache.go:44","msg":"/project.service.v1.ProjectService/FindProjectByMemId 使用缓存"}
{"level":"INFO","time":"2025-08-14T16:48:18.610+0800","caller":"interceptor/cache.go:45","msg":"/login.LoginService/MyOrgList使用缓存"}
{"level":"INFO","time":"2025-08-14T16:48:18.613+0800","caller":"interceptor/cache.go:44","msg":"/project.service.v1.ProjectService/FindProjectByMemId 使用缓存"}
{"level":"INFO","time":"2025-08-14T16:48:44.070+0800","caller":"interceptor/cache.go:44","msg":"/project.service.v1.ProjectService/FindProjectByMemId 使用缓存"}
{"level":"INFO","time":"2025-08-14T16:53:14.905+0800","caller":"interceptor/cache.go:51","msg":"/login.LoginService/MyOrgList存入缓存"}
{"level":"INFO","time":"2025-08-14T16:53:29.681+0800","caller":"interceptor/cache.go:50","msg":"/project.service.v1.ProjectService/FindProjectByMemId 存入缓存"}
{"level":"INFO","time":"2025-08-14T16:54:34.233+0800","caller":"interceptor/cache.go:45","msg":"/login.LoginService/MyOrgList使用缓存"}
{"level":"INFO","time":"2025-08-14T16:55:12.589+0800","caller":"interceptor/cache.go:45","msg":"/login.LoginService/MyOrgList使用缓存"}
{"level":"ERROR","time":"2025-08-14T16:57:02.156+0800","caller":"project_service_v1/project_service.go:141","msg":"FindProjectTemplate error","error":"context deadline exceeded"}
{"level":"INFO","time":"2025-08-14T16:58:16.577+0800","caller":"interceptor/cache.go:51","msg":"/login.LoginService/MyOrgList存入缓存"}
{"level":"INFO","time":"2025-08-14T16:58:16.625+0800","caller":"interceptor/cache.go:45","msg":"/login.LoginService/MyOrgList使用缓存"}
{"level":"INFO","time":"2025-08-14T16:58:41.090+0800","caller":"interceptor/cache.go:45","msg":"/login.LoginService/MyOrgList使用缓存"}
{"level":"INFO","time":"2025-08-14T16:59:16.509+0800","caller":"interceptor/cache.go:50","msg":"/project.service.v1.ProjectService/FindProjectByMemId 存入缓存"}
{"level":"INFO","time":"2025-08-14T17:00:01.248+0800","caller":"interceptor/cache.go:45","msg":"/login.LoginService/MyOrgList使用缓存"}
{"level":"INFO","time":"2025-08-14T17:01:37.829+0800","caller":"interceptor/cache.go:45","msg":"/login.LoginService/MyOrgList使用缓存"}
{"level":"INFO","time":"2025-08-14T17:02:05.769+0800","caller":"interceptor/cache.go:45","msg":"/login.LoginService/MyOrgList使用缓存"}
{"level":"INFO","time":"2025-08-14T17:05:45.190+0800","caller":"interceptor/cache.go:51","msg":"/login.LoginService/MyOrgList存入缓存"}
{"level":"ERROR","time":"2025-08-14T17:10:34.772+0800","caller":"discovery/discovery.go:117","msg":"register failed","error":"context deadline exceeded"}
{"level":"ERROR","time":"2025-08-14T17:12:44.385+0800","caller":"discovery/discovery.go:117","msg":"register failed","error":"context deadline exceeded"}
{"level":"INFO","time":"2025-08-14T17:13:04.576+0800","caller":"interceptor/cache.go:51","msg":"/login.LoginService/MyOrgList 存入缓存"}
{"level":"INFO","time":"2025-08-14T17:13:04.628+0800","caller":"interceptor/cache.go:50","msg":"/project.service.v1.ProjectService/FindProjectByMemId 存入缓存"}
