{"level":"ERROR","time":"2025-08-04T19:02:09.661+0800","caller":"discovery/resolver.go:101","msg":"sync failed","error":"context deadline exceeded"}
{"level":"ERROR","time":"2025-08-04T19:03:09.660+0800","caller":"discovery/resolver.go:101","msg":"sync failed","error":"context deadline exceeded"}
{"level":"ERROR","time":"2025-08-04T19:04:09.661+0800","caller":"discovery/resolver.go:101","msg":"sync failed","error":"context deadline exceeded"}
{"level":"ERROR","time":"2025-08-04T19:05:09.660+0800","caller":"discovery/resolver.go:101","msg":"sync failed","error":"context deadline exceeded"}
{"level":"ERROR","time":"2025-08-04T19:06:09.661+0800","caller":"discovery/resolver.go:101","msg":"sync failed","error":"context deadline exceeded"}
{"level":"ERROR","time":"2025-08-04T19:07:09.661+0800","caller":"discovery/resolver.go:101","msg":"sync failed","error":"context deadline exceeded"}
{"level":"ERROR","time":"2025-08-04T19:08:09.661+0800","caller":"discovery/resolver.go:101","msg":"sync failed","error":"context deadline exceeded"}
{"level":"ERROR","time":"2025-08-04T19:09:09.660+0800","caller":"discovery/resolver.go:101","msg":"sync failed","error":"context deadline exceeded"}
{"level":"ERROR","time":"2025-08-06T16:00:18.890+0800","caller":"discovery/discovery.go:117","msg":"register failed","error":"context deadline exceeded"}
{"level":"ERROR","time":"2025-08-06T16:00:21.894+0800","caller":"discovery/discovery.go:117","msg":"register failed","error":"context deadline exceeded"}
{"level":"ERROR","time":"2025-08-06T16:04:56.530+0800","caller":"login_service_v1/login_service.go:59","msg":"Register从redis获取验证码失败","error":"redis: nil"}
{"level":"ERROR","time":"2025-08-06T17:17:55.808+0800","caller":"login_service_v1/login_service.go:59","msg":"Register从redis获取验证码失败","error":"redis: nil"}
{"level":"ERROR","time":"2025-08-06T17:36:17.992+0800","caller":"login_service_v1/login_service.go:59","msg":"Register从redis获取验证码失败","error":"redis: nil"}
{"level":"ERROR","time":"2025-08-06T17:36:20.170+0800","caller":"login_service_v1/login_service.go:59","msg":"Register从redis获取验证码失败","error":"redis: nil"}
{"level":"ERROR","time":"2025-08-06T17:36:27.443+0800","caller":"login_service_v1/login_service.go:59","msg":"Register从redis获取验证码失败","error":"redis: nil"}
{"level":"ERROR","time":"2025-08-07T17:58:58.938+0800","caller":"login_service_v1/login_service.go:134","msg":"register SaveOrganization db err","error":"Error 1406 (22001): Data too long for column 'avatar' at row 1"}
{"level":"ERROR","time":"2025-08-08T11:04:06.717+0800","caller":"login_service_v1/login_service.go:149","msg":"Login向db查询用户信息失败","error":"Error 1064 (42000): You have an error in your SQL syntax; check the manual that corresponds to your MySQL server version for the right syntax to use near '?and password=? ORDER BY `ms_member`.`id` LIMIT ?' at line 1"}
{"level":"ERROR","time":"2025-08-09T16:19:48.296+0800","caller":"login_service_v1/login_service.go:194","msg":"TokenVerify解析token失败","error":"token contains an invalid number of segments"}
{"level":"ERROR","time":"2025-08-09T16:29:17.061+0800","caller":"login_service_v1/login_service.go:194","msg":"TokenVerify解析token失败","error":"tokenstring should not contain 'bearer '"}
{"level":"ERROR","time":"2025-08-10T10:01:06.820+0800","caller":"discovery/discovery.go:117","msg":"register failed","error":"context deadline exceeded"}
{"level":"ERROR","time":"2025-08-10T10:01:07.128+0800","caller":"discovery/discovery.go:117","msg":"register failed","error":"context deadline exceeded"}
{"level":"ERROR","time":"2025-08-10T10:01:09.839+0800","caller":"discovery/discovery.go:117","msg":"register failed","error":"context deadline exceeded"}
{"level":"ERROR","time":"2025-08-10T10:01:10.130+0800","caller":"discovery/discovery.go:117","msg":"register failed","error":"context deadline exceeded"}
{"level":"ERROR","time":"2025-08-10T10:01:12.840+0800","caller":"discovery/discovery.go:117","msg":"register failed","error":"context deadline exceeded"}
{"level":"ERROR","time":"2025-08-10T10:01:13.130+0800","caller":"discovery/discovery.go:117","msg":"register failed","error":"context deadline exceeded"}
{"level":"ERROR","time":"2025-08-10T10:01:15.841+0800","caller":"discovery/discovery.go:117","msg":"register failed","error":"context deadline exceeded"}
{"level":"ERROR","time":"2025-08-10T10:01:16.131+0800","caller":"discovery/discovery.go:117","msg":"register failed","error":"context deadline exceeded"}
{"level":"ERROR","time":"2025-08-10T10:01:18.842+0800","caller":"discovery/discovery.go:117","msg":"register failed","error":"context deadline exceeded"}
{"level":"ERROR","time":"2025-08-10T10:01:19.132+0800","caller":"discovery/discovery.go:117","msg":"register failed","error":"context deadline exceeded"}
{"level":"ERROR","time":"2025-08-10T10:01:21.842+0800","caller":"discovery/discovery.go:117","msg":"register failed","error":"context deadline exceeded"}
{"level":"ERROR","time":"2025-08-10T10:01:22.133+0800","caller":"discovery/discovery.go:117","msg":"register failed","error":"context deadline exceeded"}
{"level":"ERROR","time":"2025-08-10T10:01:24.843+0800","caller":"discovery/discovery.go:117","msg":"register failed","error":"context deadline exceeded"}
{"level":"ERROR","time":"2025-08-10T10:01:25.133+0800","caller":"discovery/discovery.go:117","msg":"register failed","error":"context deadline exceeded"}
{"level":"ERROR","time":"2025-08-10T10:01:27.843+0800","caller":"discovery/discovery.go:117","msg":"register failed","error":"context deadline exceeded"}
{"level":"ERROR","time":"2025-08-10T10:01:28.133+0800","caller":"discovery/discovery.go:117","msg":"register failed","error":"context deadline exceeded"}
{"level":"ERROR","time":"2025-08-10T10:01:30.843+0800","caller":"discovery/discovery.go:117","msg":"register failed","error":"context deadline exceeded"}
{"level":"ERROR","time":"2025-08-10T10:01:31.134+0800","caller":"discovery/discovery.go:117","msg":"register failed","error":"context deadline exceeded"}
{"level":"ERROR","time":"2025-08-10T10:01:33.844+0800","caller":"discovery/discovery.go:117","msg":"register failed","error":"context deadline exceeded"}
{"level":"ERROR","time":"2025-08-10T10:01:34.134+0800","caller":"discovery/discovery.go:117","msg":"register failed","error":"context deadline exceeded"}
{"level":"ERROR","time":"2025-08-10T10:01:36.845+0800","caller":"discovery/discovery.go:117","msg":"register failed","error":"context deadline exceeded"}
{"level":"ERROR","time":"2025-08-10T10:01:37.135+0800","caller":"discovery/discovery.go:117","msg":"register failed","error":"context deadline exceeded"}
{"level":"ERROR","time":"2025-08-10T10:01:39.845+0800","caller":"discovery/discovery.go:117","msg":"register failed","error":"context deadline exceeded"}
{"level":"ERROR","time":"2025-08-10T10:01:40.136+0800","caller":"discovery/discovery.go:117","msg":"register failed","error":"context deadline exceeded"}
{"level":"ERROR","time":"2025-08-10T10:01:42.846+0800","caller":"discovery/discovery.go:117","msg":"register failed","error":"context deadline exceeded"}
{"level":"ERROR","time":"2025-08-10T10:01:43.136+0800","caller":"discovery/discovery.go:117","msg":"register failed","error":"context deadline exceeded"}
{"level":"ERROR","time":"2025-08-10T10:01:45.846+0800","caller":"discovery/discovery.go:117","msg":"register failed","error":"context deadline exceeded"}
{"level":"ERROR","time":"2025-08-10T10:01:46.137+0800","caller":"discovery/discovery.go:117","msg":"register failed","error":"context deadline exceeded"}
{"level":"ERROR","time":"2025-08-10T10:01:48.847+0800","caller":"discovery/discovery.go:117","msg":"register failed","error":"context deadline exceeded"}
{"level":"ERROR","time":"2025-08-10T10:01:49.138+0800","caller":"discovery/discovery.go:117","msg":"register failed","error":"context deadline exceeded"}
{"level":"ERROR","time":"2025-08-10T10:01:51.847+0800","caller":"discovery/discovery.go:117","msg":"register failed","error":"context deadline exceeded"}
{"level":"ERROR","time":"2025-08-10T10:01:52.139+0800","caller":"discovery/discovery.go:117","msg":"register failed","error":"context deadline exceeded"}
{"level":"ERROR","time":"2025-08-10T10:01:54.850+0800","caller":"discovery/discovery.go:117","msg":"register failed","error":"context deadline exceeded"}
{"level":"ERROR","time":"2025-08-10T10:01:55.139+0800","caller":"discovery/discovery.go:117","msg":"register failed","error":"context deadline exceeded"}
{"level":"ERROR","time":"2025-08-10T10:01:57.850+0800","caller":"discovery/discovery.go:117","msg":"register failed","error":"context deadline exceeded"}
{"level":"ERROR","time":"2025-08-10T10:01:58.139+0800","caller":"discovery/discovery.go:117","msg":"register failed","error":"context deadline exceeded"}
{"level":"ERROR","time":"2025-08-10T10:02:00.851+0800","caller":"discovery/discovery.go:117","msg":"register failed","error":"context deadline exceeded"}
{"level":"ERROR","time":"2025-08-10T10:02:01.140+0800","caller":"discovery/discovery.go:117","msg":"register failed","error":"context deadline exceeded"}
{"level":"ERROR","time":"2025-08-10T10:02:03.851+0800","caller":"discovery/discovery.go:117","msg":"register failed","error":"context deadline exceeded"}
{"level":"ERROR","time":"2025-08-10T10:02:04.038+0800","caller":"discovery/resolver.go:101","msg":"sync failed","error":"context deadline exceeded"}
{"level":"ERROR","time":"2025-08-10T10:02:04.044+0800","caller":"discovery/resolver.go:101","msg":"sync failed","error":"context deadline exceeded"}
{"level":"ERROR","time":"2025-08-10T10:02:04.140+0800","caller":"discovery/discovery.go:117","msg":"register failed","error":"context deadline exceeded"}
{"level":"ERROR","time":"2025-08-10T10:02:06.852+0800","caller":"discovery/discovery.go:117","msg":"register failed","error":"context deadline exceeded"}
{"level":"ERROR","time":"2025-08-10T10:02:07.141+0800","caller":"discovery/discovery.go:117","msg":"register failed","error":"context deadline exceeded"}
{"level":"ERROR","time":"2025-08-10T10:02:09.853+0800","caller":"discovery/discovery.go:117","msg":"register failed","error":"context deadline exceeded"}
{"level":"ERROR","time":"2025-08-10T10:02:10.143+0800","caller":"discovery/discovery.go:117","msg":"register failed","error":"context deadline exceeded"}
{"level":"ERROR","time":"2025-08-10T10:02:12.853+0800","caller":"discovery/discovery.go:117","msg":"register failed","error":"context deadline exceeded"}
{"level":"ERROR","time":"2025-08-10T10:02:13.143+0800","caller":"discovery/discovery.go:117","msg":"register failed","error":"context deadline exceeded"}
{"level":"ERROR","time":"2025-08-10T10:02:15.854+0800","caller":"discovery/discovery.go:117","msg":"register failed","error":"context deadline exceeded"}
{"level":"ERROR","time":"2025-08-10T10:02:16.144+0800","caller":"discovery/discovery.go:117","msg":"register failed","error":"context deadline exceeded"}
{"level":"ERROR","time":"2025-08-10T10:02:18.854+0800","caller":"discovery/discovery.go:117","msg":"register failed","error":"context deadline exceeded"}
{"level":"ERROR","time":"2025-08-10T10:02:19.144+0800","caller":"discovery/discovery.go:117","msg":"register failed","error":"context deadline exceeded"}
{"level":"ERROR","time":"2025-08-10T10:02:21.854+0800","caller":"discovery/discovery.go:117","msg":"register failed","error":"context deadline exceeded"}
{"level":"ERROR","time":"2025-08-10T10:02:22.145+0800","caller":"discovery/discovery.go:117","msg":"register failed","error":"context deadline exceeded"}
{"level":"ERROR","time":"2025-08-10T10:02:24.855+0800","caller":"discovery/discovery.go:117","msg":"register failed","error":"context deadline exceeded"}
{"level":"ERROR","time":"2025-08-10T10:02:25.145+0800","caller":"discovery/discovery.go:117","msg":"register failed","error":"context deadline exceeded"}
{"level":"ERROR","time":"2025-08-10T10:02:27.855+0800","caller":"discovery/discovery.go:117","msg":"register failed","error":"context deadline exceeded"}
{"level":"ERROR","time":"2025-08-10T10:02:28.146+0800","caller":"discovery/discovery.go:117","msg":"register failed","error":"context deadline exceeded"}
{"level":"ERROR","time":"2025-08-10T10:02:30.857+0800","caller":"discovery/discovery.go:117","msg":"register failed","error":"context deadline exceeded"}
{"level":"ERROR","time":"2025-08-10T10:02:31.147+0800","caller":"discovery/discovery.go:117","msg":"register failed","error":"context deadline exceeded"}
{"level":"ERROR","time":"2025-08-10T10:02:33.858+0800","caller":"discovery/discovery.go:117","msg":"register failed","error":"context deadline exceeded"}
{"level":"ERROR","time":"2025-08-10T10:02:34.148+0800","caller":"discovery/discovery.go:117","msg":"register failed","error":"context deadline exceeded"}
{"level":"ERROR","time":"2025-08-10T10:02:36.860+0800","caller":"discovery/discovery.go:117","msg":"register failed","error":"context deadline exceeded"}
{"level":"ERROR","time":"2025-08-10T10:02:37.149+0800","caller":"discovery/discovery.go:117","msg":"register failed","error":"context deadline exceeded"}
{"level":"ERROR","time":"2025-08-11T15:06:39.484+0800","caller":"login_service_v1/login_service.go:211","msg":"TokenVerify向db查询用户信息失败","error":"record not found"}
{"level":"ERROR","time":"2025-08-11T15:06:44.437+0800","caller":"login_service_v1/login_service.go:211","msg":"TokenVerify向db查询用户信息失败","error":"record not found"}
{"level":"ERROR","time":"2025-08-11T15:06:51.995+0800","caller":"login_service_v1/login_service.go:211","msg":"TokenVerify向db查询用户信息失败","error":"record not found"}
{"level":"ERROR","time":"2025-08-11T15:06:52.003+0800","caller":"login_service_v1/login_service.go:211","msg":"TokenVerify向db查询用户信息失败","error":"record not found"}
{"level":"ERROR","time":"2025-08-11T15:26:15.135+0800","caller":"login_service_v1/login_service.go:211","msg":"TokenVerify向db查询用户信息失败","error":"record not found"}
{"level":"ERROR","time":"2025-08-11T15:26:15.142+0800","caller":"login_service_v1/login_service.go:211","msg":"TokenVerify向db查询用户信息失败","error":"record not found"}
{"level":"ERROR","time":"2025-08-11T15:28:46.295+0800","caller":"project_service_v1/project_service.go:68","msg":"FindProjectByMemId db error","error":"Error 1054 (42S22): Unknown column 'archive' in 'where clause'"}
{"level":"ERROR","time":"2025-08-11T15:28:47.016+0800","caller":"project_service_v1/project_service.go:68","msg":"FindProjectByMemId db error","error":"Error 1054 (42S22): Unknown column 'deleted' in 'where clause'"}
{"level":"ERROR","time":"2025-08-11T15:28:47.880+0800","caller":"project_service_v1/project_service.go:68","msg":"FindProjectByMemId db error","error":"Error 1054 (42S22): Unknown column 'archive' in 'where clause'"}
{"level":"ERROR","time":"2025-08-11T15:29:06.893+0800","caller":"project_service_v1/project_service.go:68","msg":"FindProjectByMemId db error","error":"Error 1054 (42S22): Unknown column 'archive' in 'where clause'"}
{"level":"ERROR","time":"2025-08-11T15:31:41.223+0800","caller":"project_service_v1/project_service.go:68","msg":"FindProjectByMemId db error","error":"Error 1054 (42S22): Unknown column 'archive' in 'where clause'"}
{"level":"ERROR","time":"2025-08-11T15:31:45.282+0800","caller":"project_service_v1/project_service.go:68","msg":"FindProjectByMemId db error","error":"Error 1054 (42S22): Unknown column 'deleted' in 'where clause'"}
{"level":"ERROR","time":"2025-08-11T15:37:01.768+0800","caller":"project_service_v1/project_service.go:68","msg":"FindProjectByMemId db error","error":"Error 1054 (42S22): Unknown column 'archive' in 'where clause'"}
{"level":"ERROR","time":"2025-08-11T15:37:02.689+0800","caller":"project_service_v1/project_service.go:68","msg":"FindProjectByMemId db error","error":"Error 1054 (42S22): Unknown column 'deleted' in 'where clause'"}
{"level":"ERROR","time":"2025-08-12T10:18:51.019+0800","caller":"project_service_v1/project_service.go:115","msg":"FindProjectTemplate error","error":"unsupported data type: 0xc000424418: Table not set, please set it like: db.Model(&user) or db.Table(\"users\")"}
{"level":"ERROR","time":"2025-08-12T10:19:11.106+0800","caller":"project_service_v1/project_service.go:115","msg":"FindProjectTemplate error","error":"unsupported data type: 0xc000680538: Table not set, please set it like: db.Model(&user) or db.Table(\"users\")"}
{"level":"ERROR","time":"2025-08-12T10:20:01.161+0800","caller":"project_service_v1/project_service.go:115","msg":"FindProjectTemplate error","error":"unsupported data type: 0xc0005aeea8: Table not set, please set it like: db.Model(&user) or db.Table(\"users\")"}
{"level":"ERROR","time":"2025-08-12T10:24:14.963+0800","caller":"project_service_v1/project_service.go:115","msg":"FindProjectTemplate error","error":"unsupported data type: 0xc00044ffe8: Table not set, please set it like: db.Model(&user) or db.Table(\"users\")"}
{"level":"ERROR","time":"2025-08-12T17:44:56.881+0800","caller":"project_service_v1/project_service.go:203","msg":"FindProjectDetail db FindProjectByPIdAndMemId error","error":"Error 1064 (42000): You have an error in your SQL syntax; check the manual that corresponds to your MySQL server version for the right syntax to use near '%!(EXTRA int64=1007, int64=37)' at line 1"}
{"level":"ERROR","time":"2025-08-12T17:47:09.815+0800","caller":"discovery/discovery.go:117","msg":"register failed","error":"context deadline exceeded"}
{"level":"ERROR","time":"2025-08-12T17:47:09.813+0800","caller":"project_service_v1/project_service.go:203","msg":"FindProjectDetail db FindProjectByPIdAndMemId error","error":"context canceled"}
{"level":"ERROR","time":"2025-08-12T17:56:25.186+0800","caller":"project_service_v1/project_service.go:203","msg":"FindProjectDetail db FindProjectByPIdAndMemId error","error":"context canceled"}
{"level":"ERROR","time":"2025-08-12T17:56:25.191+0800","caller":"discovery/discovery.go:117","msg":"register failed","error":"context deadline exceeded"}
{"level":"ERROR","time":"2025-08-12T17:59:56.342+0800","caller":"discovery/discovery.go:117","msg":"register failed","error":"context deadline exceeded"}
{"level":"ERROR","time":"2025-08-12T18:19:51.593+0800","caller":"project_service_v1/project_service.go:203","msg":"FindProjectDetail db FindProjectByPIdAndMemId error","error":"context canceled"}
{"level":"ERROR","time":"2025-08-12T18:24:26.480+0800","caller":"discovery/discovery.go:117","msg":"register failed","error":"context deadline exceeded"}
{"level":"ERROR","time":"2025-08-12T18:25:08.659+0800","caller":"project_service_v1/project_service.go:205","msg":"FindProjectDetail db FindProjectByPIdAndMemId error","error":"Error 1064 (42000): You have an error in your SQL syntax; check the manual that corresponds to your MySQL server version for the right syntax to use near '%!(EXTRA int64=1007, int64=113)' at line 1"}
{"level":"ERROR","time":"2025-08-12T18:25:15.890+0800","caller":"project_service_v1/project_service.go:205","msg":"FindProjectDetail db FindProjectByPIdAndMemId error","error":"Error 1064 (42000): You have an error in your SQL syntax; check the manual that corresponds to your MySQL server version for the right syntax to use near '%!(EXTRA int64=1007, int64=113)' at line 1"}
{"level":"ERROR","time":"2025-08-12T18:27:41.238+0800","caller":"discovery/discovery.go:117","msg":"register failed","error":"context deadline exceeded"}
{"level":"ERROR","time":"2025-08-12T18:34:23.944+0800","caller":"project_service_v1/project_service.go:205","msg":"FindProjectDetail db FindProjectByPIdAndMemId error","error":"context deadline exceeded"}
{"level":"ERROR","time":"2025-08-12T18:36:01.752+0800","caller":"discovery/discovery.go:117","msg":"register failed","error":"context deadline exceeded"}
{"level":"ERROR","time":"2025-08-12T18:36:01.757+0800","caller":"project_service_v1/project_service.go:159","msg":"SaveProject db SaveProject error","error":"context canceled"}
{"level":"ERROR","time":"2025-08-12T18:36:27.728+0800","caller":"project_service_v1/project_service.go:178","msg":"SaveProject transaction error","error":"rpc error: code = Code(998) desc = 数据库操作失败"}
{"level":"ERROR","time":"2025-08-12T18:37:42.879+0800","caller":"discovery/discovery.go:117","msg":"register failed","error":"context deadline exceeded"}
{"level":"ERROR","time":"2025-08-12T18:40:12.912+0800","caller":"discovery/discovery.go:117","msg":"register failed","error":"context deadline exceeded"}
{"level":"ERROR","time":"2025-08-12T18:40:17.225+0800","caller":"discovery/discovery.go:117","msg":"register failed","error":"context deadline exceeded"}
{"level":"ERROR","time":"2025-08-12T18:40:17.225+0800","caller":"project_service_v1/project_service.go:159","msg":"SaveProject db SaveProject error","error":"context canceled"}
{"level":"ERROR","time":"2025-08-12T18:40:30.805+0800","caller":"discovery/discovery.go:117","msg":"register failed","error":"context deadline exceeded"}
{"level":"ERROR","time":"2025-08-12T18:40:37.410+0800","caller":"discovery/discovery.go:117","msg":"register failed","error":"context deadline exceeded"}
{"level":"ERROR","time":"2025-08-12T18:40:37.409+0800","caller":"project_service_v1/project_service.go:178","msg":"SaveProject transaction error","error":"rpc error: code = Code(998) desc = 数据库操作失败"}
{"level":"ERROR","time":"2025-08-12T19:31:46.388+0800","caller":"discovery/discovery.go:117","msg":"register failed","error":"context deadline exceeded"}
{"level":"ERROR","time":"2025-08-12T19:31:46.395+0800","caller":"project_service_v1/project_service.go:207","msg":"FindProjectDetail db FindProjectByPIdAndMemId error","error":"Error 1064 (42000): You have an error in your SQL syntax; check the manual that corresponds to your MySQL server version for the right syntax to use near '%!(EXTRA int64=1007, int64=116)' at line 1"}
{"level":"ERROR","time":"2025-08-12T19:56:12.833+0800","caller":"project_service_v1/project_service.go:207","msg":"FindProjectDetail db FindProjectByPIdAndMemId error","error":"Error 1064 (42000): You have an error in your SQL syntax; check the manual that corresponds to your MySQL server version for the right syntax to use near '%!(EXTRA int64=1007, int64=37)' at line 1"}
{"level":"ERROR","time":"2025-08-12T19:56:12.839+0800","caller":"project_service_v1/project_service.go:207","msg":"FindProjectDetail db FindProjectByPIdAndMemId error","error":"Error 1064 (42000): You have an error in your SQL syntax; check the manual that corresponds to your MySQL server version for the right syntax to use near '%!(EXTRA int64=1007, int64=37)' at line 1"}
{"level":"ERROR","time":"2025-08-12T19:56:16.484+0800","caller":"project_service_v1/project_service.go:207","msg":"FindProjectDetail db FindProjectByPIdAndMemId error","error":"Error 1064 (42000): You have an error in your SQL syntax; check the manual that corresponds to your MySQL server version for the right syntax to use near '%!(EXTRA int64=1007, int64=37)' at line 1"}
{"level":"ERROR","time":"2025-08-12T19:56:25.018+0800","caller":"project_service_v1/project_service.go:207","msg":"FindProjectDetail db FindProjectByPIdAndMemId error","error":"Error 1064 (42000): You have an error in your SQL syntax; check the manual that corresponds to your MySQL server version for the right syntax to use near '%!(EXTRA int64=1007, int64=37)' at line 1"}
{"level":"ERROR","time":"2025-08-12T20:51:48.537+0800","caller":"project_service_v1/project_service.go:207","msg":"FindProjectDetail db FindProjectByPIdAndMemId error","error":"Error 1064 (42000): You have an error in your SQL syntax; check the manual that corresponds to your MySQL server version for the right syntax to use near '%!(EXTRA int64=1007, int64=37)' at line 1"}
{"level":"ERROR","time":"2025-08-12T21:14:13.927+0800","caller":"project_service_v1/project_service.go:208","msg":"FindProjectDetail db FindProjectByPIdAndMemId error","error":"Error 1064 (42000): You have an error in your SQL syntax; check the manual that corresponds to your MySQL server version for the right syntax to use near '%!(EXTRA int64=1007, int64=37)' at line 1"}
{"level":"ERROR","time":"2025-08-12T21:17:11.000+0800","caller":"project_service_v1/project_service.go:208","msg":"FindProjectDetail db FindProjectByPIdAndMemId error","error":"Error 1064 (42000): You have an error in your SQL syntax; check the manual that corresponds to your MySQL server version for the right syntax to use near '%!(EXTRA int64=1007, int64=37)' at line 1"}
{"level":"ERROR","time":"2025-08-12T21:50:14.071+0800","caller":"project_service_v1/project_service.go:213","msg":"FindProjectDetail db FindProjectByPIdAndMemId error","error":"Error 1064 (42000): You have an error in your SQL syntax; check the manual that corresponds to your MySQL server version for the right syntax to use near '%!(EXTRA int64=1007, int64=13043)' at line 1"}
{"level":"ERROR","time":"2025-08-12T21:59:44.463+0800","caller":"project_service_v1/project_service.go:213","msg":"FindProjectDetail db FindProjectByPIdAndMemId error","error":"context deadline exceeded"}
{"level":"ERROR","time":"2025-08-12T21:59:44.464+0800","caller":"discovery/discovery.go:117","msg":"register failed","error":"context deadline exceeded"}
{"level":"ERROR","time":"2025-08-12T22:00:49.144+0800","caller":"discovery/discovery.go:117","msg":"register failed","error":"context deadline exceeded"}
{"level":"ERROR","time":"2025-08-12T22:02:15.435+0800","caller":"project_service_v1/project_service.go:219","msg":"FindProjectDetail rpc FindMemInfoById error","error":"rpc error: code = DeadlineExceeded desc = context deadline exceeded"}
{"level":"ERROR","time":"2025-08-12T22:14:40.503+0800","caller":"project_service_v1/project_service.go:227","msg":"FindProjectDetail db FindCollectByPidAndMemId error","error":"context deadline exceeded"}
{"level":"ERROR","time":"2025-08-12T22:15:23.326+0800","caller":"project_service_v1/project_service.go:221","msg":"FindProjectDetail rpc FindMemInfoById error","error":"rpc error: code = DeadlineExceeded desc = context deadline exceeded"}
{"level":"ERROR","time":"2025-08-12T22:17:00.584+0800","caller":"project_service_v1/project_service.go:227","msg":"FindProjectDetail db FindCollectByPidAndMemId error","error":"context deadline exceeded"}
{"level":"ERROR","time":"2025-08-14T11:29:43.637+0800","caller":"login_service_v1/login_service.go:221","msg":"TokenVerify从缓存获取用户信息失败","error":"redis: nil"}
{"level":"ERROR","time":"2025-08-14T16:57:02.156+0800","caller":"project_service_v1/project_service.go:141","msg":"FindProjectTemplate error","error":"context deadline exceeded"}
{"level":"ERROR","time":"2025-08-14T17:10:34.772+0800","caller":"discovery/discovery.go:117","msg":"register failed","error":"context deadline exceeded"}
{"level":"ERROR","time":"2025-08-14T17:12:44.385+0800","caller":"discovery/discovery.go:117","msg":"register failed","error":"context deadline exceeded"}
{"level":"ERROR","time":"2025-08-15T15:38:12.975+0800","caller":"task_service.v1/task_service.go:80","msg":"MemberProjectList db error","error":"sql: expected 6 destination arguments in Scan, not 1"}
{"level":"ERROR","time":"2025-08-15T15:38:16.509+0800","caller":"task_service.v1/task_service.go:80","msg":"MemberProjectList db error","error":"sql: expected 6 destination arguments in Scan, not 1"}
{"level":"ERROR","time":"2025-08-15T15:38:25.534+0800","caller":"task_service.v1/task_service.go:80","msg":"MemberProjectList db error","error":"sql: expected 6 destination arguments in Scan, not 1"}
{"level":"ERROR","time":"2025-08-15T17:19:20.397+0800","caller":"task_service.v1/task_service.go:82","msg":"MemberProjectList db error","error":"context deadline exceeded"}
{"level":"ERROR","time":"2025-08-15T17:19:20.397+0800","caller":"project_service_v1/project_service.go:264","msg":"FindProjectDetail db FindProjectByPIdAndMemId error","error":"context deadline exceeded"}
{"level":"ERROR","time":"2025-08-15T17:20:05.879+0800","caller":"task_service.v1/task_service.go:53","msg":"TaskStages db error","error":"context deadline exceeded"}
{"level":"ERROR","time":"2025-08-15T17:20:05.879+0800","caller":"project_service_v1/project_service.go:264","msg":"FindProjectDetail db FindProjectByPIdAndMemId error","error":"context deadline exceeded"}
{"level":"ERROR","time":"2025-08-15T17:20:05.879+0800","caller":"discovery/discovery.go:117","msg":"register failed","error":"context deadline exceeded"}
{"level":"ERROR","time":"2025-08-15T17:21:34.231+0800","caller":"task_service.v1/task_service.go:53","msg":"TaskStages db error","error":"context deadline exceeded"}
{"level":"ERROR","time":"2025-08-15T17:21:34.232+0800","caller":"project_service_v1/project_service.go:264","msg":"FindProjectDetail db FindProjectByPIdAndMemId error","error":"context deadline exceeded"}
{"level":"ERROR","time":"2025-08-15T17:21:34.233+0800","caller":"project_service_v1/project_service.go:85","msg":"FindProjectByMemId db FindCollectProjectByMemId error","error":"context canceled"}
{"level":"ERROR","time":"2025-08-15T17:20:18.086+0800","caller":"task_service.v1/task_service.go:82","msg":"MemberProjectList db error","error":"context deadline exceeded"}
{"level":"ERROR","time":"2025-08-15T17:21:34.232+0800","caller":"discovery/discovery.go:117","msg":"register failed","error":"context deadline exceeded"}
{"level":"ERROR","time":"2025-08-15T17:20:18.085+0800","caller":"project_service_v1/project_service.go:264","msg":"FindProjectDetail db FindProjectByPIdAndMemId error","error":"context deadline exceeded"}
{"level":"ERROR","time":"2025-08-15T17:28:04.738+0800","caller":"task_service.v1/task_service.go:127","msg":"project task TaskList FindTaskByStageCode error","error":"context deadline exceeded"}
{"level":"ERROR","time":"2025-08-15T17:28:04.738+0800","caller":"task_service.v1/task_service.go:127","msg":"project task TaskList FindTaskByStageCode error","error":"context deadline exceeded"}
{"level":"ERROR","time":"2025-08-15T17:28:04.738+0800","caller":"discovery/discovery.go:117","msg":"register failed","error":"context deadline exceeded"}
{"level":"ERROR","time":"2025-08-15T17:33:55.854+0800","caller":"task_service.v1/task_service.go:127","msg":"project task TaskList FindTaskByStageCode error","error":"context deadline exceeded"}
{"level":"ERROR","time":"2025-08-15T17:33:55.860+0800","caller":"discovery/discovery.go:117","msg":"register failed","error":"context deadline exceeded"}
{"level":"ERROR","time":"2025-08-15T17:33:55.854+0800","caller":"task_service.v1/task_service.go:127","msg":"project task TaskList FindTaskByStageCode error","error":"context deadline exceeded"}
{"level":"ERROR","time":"2025-08-15T17:36:58.911+0800","caller":"discovery/discovery.go:117","msg":"register failed","error":"context deadline exceeded"}
{"level":"ERROR","time":"2025-08-15T17:39:01.690+0800","caller":"task_service.v1/task_service.go:127","msg":"project task TaskList FindTaskByStageCode error","error":"context deadline exceeded"}
{"level":"ERROR","time":"2025-08-15T17:39:01.690+0800","caller":"task_service.v1/task_service.go:127","msg":"project task TaskList FindTaskByStageCode error","error":"context deadline exceeded"}
{"level":"ERROR","time":"2025-08-15T17:39:01.692+0800","caller":"discovery/resolver.go:101","msg":"sync failed","error":"context deadline exceeded"}
{"level":"ERROR","time":"2025-08-15T17:39:01.692+0800","caller":"discovery/discovery.go:117","msg":"register failed","error":"context deadline exceeded"}
{"level":"ERROR","time":"2025-08-15T17:44:04.189+0800","caller":"discovery/discovery.go:117","msg":"register failed","error":"context deadline exceeded"}
{"level":"ERROR","time":"2025-08-15T17:44:04.189+0800","caller":"task_service.v1/task_service.go:127","msg":"project task TaskList FindTaskByStageCode error","error":"context deadline exceeded"}
{"level":"ERROR","time":"2025-08-15T17:45:59.713+0800","caller":"discovery/discovery.go:117","msg":"register failed","error":"context deadline exceeded"}
{"level":"ERROR","time":"2025-08-15T17:46:21.847+0800","caller":"task_service.v1/task_service.go:127","msg":"project task TaskList FindTaskByStageCode error","error":"context deadline exceeded"}
{"level":"ERROR","time":"2025-08-15T17:46:21.848+0800","caller":"discovery/discovery.go:117","msg":"register failed","error":"context deadline exceeded"}
{"level":"ERROR","time":"2025-08-15T17:53:31.725+0800","caller":"task_service.v1/task_service.go:100","msg":"MemberProjectList rpc error","error":"rpc error: code = DeadlineExceeded desc = context deadline exceeded"}
{"level":"ERROR","time":"2025-08-15T17:53:31.731+0800","caller":"project_service_v1/project_service.go:270","msg":"FindProjectDetail rpc FindMemInfoById error","error":"rpc error: code = DeadlineExceeded desc = context deadline exceeded"}
{"level":"ERROR","time":"2025-08-15T17:58:21.418+0800","caller":"task_service.v1/task_service.go:100","msg":"MemberProjectList rpc error","error":"rpc error: code = DeadlineExceeded desc = context deadline exceeded"}
{"level":"ERROR","time":"2025-08-15T17:58:21.419+0800","caller":"project_service_v1/project_service.go:270","msg":"FindProjectDetail rpc FindMemInfoById error","error":"rpc error: code = DeadlineExceeded desc = context deadline exceeded"}
{"level":"ERROR","time":"2025-08-15T18:05:00.650+0800","caller":"task_service.v1/task_service.go:139","msg":"TaskList FindTaskMemberByTaskId error","error":"Error 1054 (42S22): Unknown column 'member_id' in 'where clause'"}
{"level":"ERROR","time":"2025-08-15T18:08:47.297+0800","caller":"task_service.v1/task_service.go:139","msg":"TaskList FindTaskMemberByTaskId error","error":"context deadline exceeded"}
{"level":"ERROR","time":"2025-08-15T18:09:03.164+0800","caller":"task_service.v1/task_service.go:139","msg":"TaskList FindTaskMemberByTaskId error","error":"Error 1054 (42S22): Unknown column 'member_id' in 'where clause'"}
{"level":"ERROR","time":"2025-08-16T10:54:09.375+0800","caller":"task_service.v1/task_service.go:205","msg":"project task SaveTask taskRepo.FindTaskMaxIdNum error","error":"sql: Scan error on column index 0, name \"max(id_num)\": converting NULL to int is unsupported"}
{"level":"ERROR","time":"2025-08-16T17:23:21.362+0800","caller":"task_service.v1/task_service.go:237","msg":"project task SaveTask taskRepo.SaveTask error","error":"Error 1264 (22003): Out of range value for column 'sort' at row 1"}
{"level":"ERROR","time":"2025-08-16T17:23:23.100+0800","caller":"task_service.v1/task_service.go:237","msg":"project task SaveTask taskRepo.SaveTask error","error":"Error 1264 (22003): Out of range value for column 'sort' at row 1"}
{"level":"ERROR","time":"2025-08-17T09:56:08.119+0800","caller":"login_service_v1/login_service.go:222","msg":"TokenVerify从缓存获取用户信息失败","error":"dial tcp [::1]:6379: connectex: No connection could be made because the target machine actively refused it."}
{"level":"ERROR","time":"2025-08-17T09:56:08.135+0800","caller":"login_service_v1/login_service.go:222","msg":"TokenVerify从缓存获取用户信息失败","error":"dial tcp [::1]:6379: connectex: No connection could be made because the target machine actively refused it."}
{"level":"ERROR","time":"2025-08-17T09:56:32.525+0800","caller":"login_service_v1/login_service.go:222","msg":"TokenVerify从缓存获取用户信息失败","error":"dial tcp [::1]:6379: connectex: No connection could be made because the target machine actively refused it."}
{"level":"ERROR","time":"2025-08-17T09:56:32.529+0800","caller":"login_service_v1/login_service.go:222","msg":"TokenVerify从缓存获取用户信息失败","error":"dial tcp [::1]:6379: connectex: No connection could be made because the target machine actively refused it."}
{"level":"ERROR","time":"2025-08-17T09:56:37.860+0800","caller":"login_service_v1/login_service.go:222","msg":"TokenVerify从缓存获取用户信息失败","error":"dial tcp [::1]:6379: connectex: No connection could be made because the target machine actively refused it."}
{"level":"ERROR","time":"2025-08-17T09:56:37.956+0800","caller":"login_service_v1/login_service.go:222","msg":"TokenVerify从缓存获取用户信息失败","error":"dial tcp [::1]:6379: connectex: No connection could be made because the target machine actively refused it."}
{"level":"ERROR","time":"2025-08-17T09:56:37.994+0800","caller":"login_service_v1/login_service.go:222","msg":"TokenVerify从缓存获取用户信息失败","error":"dial tcp [::1]:6379: connectex: No connection could be made because the target machine actively refused it."}
{"level":"ERROR","time":"2025-08-17T16:08:10.012+0800","caller":"login_service_v1/login_service.go:218","msg":"TokenVerify解析token失败","error":"ip不合法"}
{"level":"ERROR","time":"2025-08-17T16:08:10.012+0800","caller":"login_service_v1/login_service.go:218","msg":"TokenVerify解析token失败","error":"ip不合法"}
{"level":"ERROR","time":"2025-08-17T16:08:10.012+0800","caller":"login_service_v1/login_service.go:218","msg":"TokenVerify解析token失败","error":"ip不合法"}
